<?xml version="1.0" encoding="UTF-8"?>
<testng-results ignored="0" total="1" passed="1" failed="0" skipped="0">
  <reporter-output>
  </reporter-output>
  <suite started-at="2024-04-17T12:48:05 PDT" name="Default suite" finished-at="2024-04-17T12:48:05 PDT" duration-ms="151">
    <groups>
    </groups>
    <test started-at="2024-04-17T12:48:05 PDT" name="Default test" finished-at="2024-04-17T12:48:05 PDT" duration-ms="151">
      <class name="simple.hello">
        <test-method signature="method1()[pri:0, instance:simple.hello@78691363]" started-at="2024-04-17T12:48:05 PDT" name="method1" finished-at="2024-04-17T12:48:05 PDT" duration-ms="30" status="PASS">
          <reporter-output>
          </reporter-output>
        </test-method> <!-- method1 -->
      </class> <!-- simple.hello -->
    </test> <!-- Default test -->
  </suite> <!-- Default suite -->
</testng-results>
