<?xml version="1.0" encoding="UTF-8"?>
<testng-results ignored="0" total="1" passed="1" failed="0" skipped="0">
  <reporter-output>
  </reporter-output>
  <suite started-at="2024-06-07T10:25:54 PDT" name="Default suite" finished-at="2024-06-07T10:26:31 PDT" duration-ms="36931">
    <groups>
    </groups>
    <test started-at="2024-06-07T10:25:54 PDT" name="Default test" finished-at="2024-06-07T10:26:31 PDT" duration-ms="36931">
      <class name="Mock_PKsir.flipkartIphone">
        <test-method is-config="true" signature="launchbrowser()[pri:0, instance:Mock_PKsir.flipkartIphone@217ed35e]" started-at="2024-06-07T10:25:54 PDT" name="launchbrowser" finished-at="2024-06-07T10:26:06 PDT" duration-ms="11650" status="PASS">
          <reporter-output>
          </reporter-output>
        </test-method> <!-- launchbrowser -->
        <test-method signature="Iphone()[pri:0, instance:Mock_PKsir.flipkartIphone@217ed35e]" started-at="2024-06-07T10:26:06 PDT" name="Iphone" finished-at="2024-06-07T10:26:31 PDT" duration-ms="25190" status="PASS">
          <reporter-output>
          </reporter-output>
        </test-method> <!-- Iphone -->
      </class> <!-- Mock_PKsir.flipkartIphone -->
    </test> <!-- Default test -->
  </suite> <!-- Default suite -->
</testng-results>
